<?xml version="1.0" encoding="UTF-8"?>
<!-- Generated by org.testng.reporters.JUnitReportReporter -->
<testsuite hostname="DS-PC01W3JV" failures="0" tests="1" name="com.freecrm.testcases.LoginPageTest" time="31.933" errors="0" timestamp="11 Apr 2018 11:03:22 GMT" skipped="0">
  <testcase classname="com.freecrm.testcases.LoginPageTest" name="loginCheckTest" time="31.933"/>
</testsuite> <!-- com.freecrm.testcases.LoginPageTest -->
